<?xml version="1.0" encoding="UTF-8"?>
<!-- Generated by org.testng.reporters.JUnitReportReporter -->
<testsuite hostname="Debipriya_WIN11" failures="0" tests="3" name="RunnerForCalculator" time="0.104" errors="0" timestamp="2023-02-28T19:48:47 EST" skipped="0">
  <testcase classname="RunnerForCalculator" name="runScenario" time="0.080"/>
  <system-out/>
  <testcase classname="RunnerForCalculator" name="runScenario" time="0.012"/>
  <system-out/>
  <testcase classname="RunnerForCalculator" name="runScenario" time="0.012"/>
  <system-out/>
</testsuite> <!-- RunnerForCalculator -->
