<?xml version="1.0" encoding="UTF-8"?>
<!-- Generated by org.testng.reporters.JUnitReportReporter -->
<testsuite hostname="Debipriya_WIN11" failures="0" tests="2" name="com.runner.RunnerForCalculator" time="3.695" errors="0" timestamp="2023-03-06T18:57:09 EST" skipped="0">
  <testcase classname="com.runner.RunnerForCalculator" name="runScenario" time="1.498"/>
  <system-out/>
  <testcase classname="com.runner.RunnerForCalculator" name="runScenario" time="2.197"/>
  <system-out/>
</testsuite> <!-- com.runner.RunnerForCalculator -->
