<?xml version="1.0" encoding="UTF-8"?>
<!-- Generated by org.testng.reporters.JUnitReportReporter -->
<testsuite hostname="Debipriya_WIN11" failures="0" tests="1" name="com.simpleTest.FirstApiTests" time="2.407" errors="0" timestamp="2023-03-09T19:20:23 EST" skipped="0">
  <testcase classname="com.simpleTest.FirstApiTests" name="GetRequestToSpecificFlight1" time="2.407"/>
  <system-out/>
</testsuite> <!-- com.simpleTest.FirstApiTests -->
