<?xml version="1.0" encoding="UTF-8"?>
<!-- Generated by org.testng.reporters.JUnitReportReporter -->
<testsuite hostname="Debipriya_WIN11" failures="0" tests="1" name="Assignment.GetDataDummyRestAPI" time="2.489" errors="0" timestamp="2023-03-14T11:53:00 EDT" skipped="0">
  <testcase classname="Assignment.GetDataDummyRestAPI" name="GetUserData_testcase05" time="2.489"/>
  <system-out/>
</testsuite> <!-- Assignment.GetDataDummyRestAPI -->
