<?xml version="1.0" encoding="UTF-8"?>
<!-- Generated by org.testng.reporters.JUnitReportReporter -->
<testsuite hostname="Debipriya_WIN11" failures="0" tests="1" name="com.APITest.FirstApiTests" time="2.536" errors="0" timestamp="2023-03-13T18:44:36 EDT" skipped="0">
  <testcase classname="com.APITest.FirstApiTests" name="GetRequestToSpecificFlight" time="2.536"/>
  <system-out/>
</testsuite> <!-- com.APITest.FirstApiTests -->
