<?xml version="1.0" encoding="UTF-8"?>
<!-- Generated by org.testng.reporters.JUnitReportReporter -->
<testsuite hostname="Debipriya_WIN11" failures="0" tests="1" name="Assignment.GetDataDummyRestAPI" time="1.540" errors="0" timestamp="2023-03-14T00:00:46 EDT" skipped="0">
  <testcase classname="Assignment.GetDataDummyRestAPI" name="deleteUserData_testcase03" time="1.540"/>
  <system-out/>
</testsuite> <!-- Assignment.GetDataDummyRestAPI -->
