<?xml version="1.0" encoding="UTF-8"?>
<!-- Generated by org.testng.reporters.JUnitReportReporter -->
<testsuite hostname="Debipriya_WIN11" failures="0" tests="1" name="Day1.SalesforceWebpageTestNg" time="22.128" errors="0" timestamp="2023-02-14T23:07:52 EST" skipped="0">
  <testcase classname="Day1.SalesforceWebpageTestNg" name="mySettingsTC07" time="22.128"/>
  <system-out/>
</testsuite> <!-- Day1.SalesforceWebpageTestNg -->
