<?xml version="1.0" encoding="UTF-8"?>
<!-- Generated by org.testng.reporters.JUnitReportReporter -->
<testsuite hostname="Debipriya_WIN11" failures="0" tests="3" name="Day1.FirstTestNg" time="0.009" errors="0" timestamp="2023-02-06T20:40:24 EST" skipped="1">
  <testcase classname="Day1.FirstTestNg" name="testscript_1" time="0.008"/>
  <system-out/>
  <testcase classname="Day1.FirstTestNg" name="testscript_2" time="0.001"/>
  <system-out/>
  <testcase classname="Day1.FirstTestNg" name="login">
    <skipped/>
  </testcase> <!-- login -->
  <system-out/>
</testsuite> <!-- Day1.FirstTestNg -->
