<?xml version="1.0" encoding="UTF-8"?>
<!-- Generated by org.testng.reporters.JUnitReportReporter -->
<testsuite hostname="Debipriya_WIN11" failures="0" tests="3" name="Day1.SecondTestNg" time="0.007" errors="0" timestamp="2023-02-06T10:00:28 EST" skipped="0">
  <testcase classname="Day1.SecondTestNg" name="testscript_3" time="0.005"/>
  <system-out/>
  <testcase classname="Day1.SecondTestNg" name="testscript_4" time="0.001"/>
  <system-out/>
  <testcase classname="Day1.SecondTestNg" name="login" time="0.001"/>
  <system-out/>
</testsuite> <!-- Day1.SecondTestNg -->
