<?xml version="1.0" encoding="UTF-8"?>
<!-- Generated by org.testng.reporters.JUnitReportReporter -->
<testsuite hostname="Debipriya_WIN11" failures="0" tests="4" name="Day2.AutomationScript" time="0.006" errors="0" timestamp="2023-02-06T20:09:40 EST" skipped="0">
  <testcase classname="Day2.AutomationScript" name="JavaTest" time="0.004"/>
  <system-out/>
  <testcase classname="Day2.AutomationScript" name="JavaTest" time="0.001"/>
  <system-out/>
  <testcase classname="Day2.AutomationScript" name="JavaTest" time="0.000"/>
  <system-out/>
  <testcase classname="Day2.AutomationScript" name="JavaTest" time="0.001"/>
  <system-out/>
</testsuite> <!-- Day2.AutomationScript -->
